<?xml version="1.0" encoding="utf-8"?><testsuites name="pytest tests"><testsuite name="pytest" errors="0" failures="0" skipped="0" tests="9" time="1.186" timestamp="2026-05-19T13:37:08.347515+00:00" hostname="agent-env-42ee64ed-9031-4699-a78b-87849e45888b"><testcase classname="backend.tests.backend_test" name="test_root_greeting" time="0.166" /><testcase classname="backend.tests.backend_test" name="test_events_returns_three" time="0.072" /><testcase classname="backend.tests.backend_test" name="test_rsvp_create_and_persist" time="0.201" /><testcase classname="backend.tests.backend_test" name="test_rsvp_invalid_email_returns_422" time="0.079" /><testcase classname="backend.tests.backend_test" name="test_rsvp_get_list" time="0.076" /><testcase classname="backend.tests.backend_test" name="test_newsletter_subscribe_valid" time="0.232" /><testcase classname="backend.tests.backend_test" name="test_newsletter_idempotent" time="0.147" /><testcase classname="backend.tests.backend_test" name="test_newsletter_invalid_email_returns_422" time="0.076" /><testcase classname="backend.tests.backend_test" name="test_newsletter_get_list" time="0.069" /></testsuite></testsuites>